<?xml version="1.0" encoding="UTF-8"?>
<!-- Generated by org.testng.reporters.JUnitReportReporter -->
<testsuite hostname="Dell" failures="0" tests="1" name="APIBookStore.APIBookStore.BookstoreRequest" time="2.069" errors="0" timestamp="2021-07-13T11:14:43 IST" skipped="0">
  <testcase classname="APIBookStore.APIBookStore.BookstoreRequest" name="getBooks" time="2.069"/>
  <system-out/>
</testsuite> <!-- APIBookStore.APIBookStore.BookstoreRequest -->
