<?xml version="1.0" encoding="UTF-8"?>
<!-- Generated by org.testng.reporters.JUnitReportReporter -->
<testsuite hostname="Dell" failures="0" tests="5" name="APIBookStore.APIBookStore.TC_reqres_API" time="10.746" errors="0" timestamp="2021-07-13T11:14:43 IST" skipped="0">
  <testcase classname="APIBookStore.APIBookStore.TC_reqres_API" name="test_getUsers" time="7.264"/>
  <system-out/>
  <testcase classname="APIBookStore.APIBookStore.TC_reqres_API" name="test_addUser" time="1.675"/>
  <system-out/>
  <testcase classname="APIBookStore.APIBookStore.TC_reqres_API" name="test_getUser" time="0.394"/>
  <system-out/>
  <testcase classname="APIBookStore.APIBookStore.TC_reqres_API" name="test_UpdateUserDetails" time="0.732"/>
  <system-out/>
  <testcase classname="APIBookStore.APIBookStore.TC_reqres_API" name="test_DeleteUser" time="0.681"/>
  <system-out/>
</testsuite> <!-- APIBookStore.APIBookStore.TC_reqres_API -->
