<?xml version="1.0" encoding="UTF-8"?>
<!-- Generated by org.testng.reporters.JUnitReportReporter -->
<testsuite skipped="0" hostname="Dell" name="APIBookStore.APIBookStore.BookstoreRequest" tests="1" failures="0" timestamp="2021-07-13T16:23:50 IST" time="9.111" errors="0">
  <testcase name="getBooks" time="9.111" classname="APIBookStore.APIBookStore.BookstoreRequest"/>
  <system-out/>
</testsuite> <!-- APIBookStore.APIBookStore.BookstoreRequest -->
